<?xml version="1.0" encoding="UTF-8"?>
<!-- Generated by org.testng.reporters.JUnitReportReporter -->
<testsuite hostname="LPCAIQ0797" failures="0" tests="3" name="Runner.TestRunner" time="30.551" errors="0" timestamp="2022-08-13T15:18:57 EET" skipped="0">
  <testcase classname="Runner.TestRunner" name="runScenario" time="9.382"/>
  <system-out/>
  <testcase classname="Runner.TestRunner" name="runScenario" time="11.082"/>
  <system-out/>
  <testcase classname="Runner.TestRunner" name="runScenario" time="10.087"/>
  <system-out/>
</testsuite> <!-- Runner.TestRunner -->
